<?xml version="1.0" encoding="UTF-8"?>
<!-- Generated by org.testng.reporters.JUnitReportReporter -->
<testsuite hostname="DESKTOP-F7L40Q2" failures="0" tests="4" name="test.Message" time="11.485" errors="0" timestamp="2021-09-20T16:24:13 CDT" skipped="0">
  <testcase classname="test.Message" name="SelectedForBattleMessage" time="2.300"/>
  <system-out/>
  <testcase classname="test.Message" name="WelcomeMessage" time="3.088"/>
  <system-out/>
  <testcase classname="test.Message" name="selectedRobotMessage" time="3.532"/>
  <system-out/>
  <testcase classname="test.Message" name="WinnerOrLoserMessage" time="2.565"/>
  <system-out/>
</testsuite> <!-- test.Message -->
