<?xml version="1.0" encoding="UTF-8"?>
<!-- Generated by org.testng.reporters.JUnitReportReporter -->
<testsuite hostname="DESKTOP-F7L40Q2" failures="0" tests="2" name="test.LeaderboardTestCases" time="28.133" errors="0" timestamp="2021-09-18T02:40:05 CDT" skipped="0">
  <testcase classname="test.LeaderboardTestCases" name="CheckTheLeaderboardButtonTest" time="23.183"/>
  <system-out/>
  <testcase classname="test.LeaderboardTestCases" name="CheckWinnersOnLeaderboard" time="4.950"/>
  <system-out/>
</testsuite> <!-- test.LeaderboardTestCases -->
