<?xml version="1.0" encoding="UTF-8"?>
<!-- Generated by org.testng.reporters.JUnitReportReporter -->
<testsuite hostname="DESKTOP-F7L40Q2" failures="0" tests="2" name="test.Team" time="5.699" errors="0" timestamp="2021-09-18T02:40:05 CDT" skipped="0">
  <testcase classname="test.Team" name="ExperienceTest" time="2.693"/>
  <system-out/>
  <testcase classname="test.Team" name="onlyOneSelectedForBattlePerTeam" time="3.006"/>
  <system-out/>
</testsuite> <!-- test.Team -->
