<?xml version="1.0" encoding="UTF-8"?>
<!-- Generated by org.testng.reporters.JUnitReportReporter -->
<testsuite hostname="DESKTOP-F7L40Q2" failures="0" tests="2" name="test.DanceOff" time="14.443" errors="0" timestamp="2021-09-20T16:24:13 CDT" skipped="0">
  <testcase classname="test.DanceOff" name="DanceButtonTest" time="6.641"/>
  <system-out/>
  <testcase classname="test.DanceOff" name="AllCombinationsAvailable" time="7.802"/>
  <system-out/>
</testsuite> <!-- test.DanceOff -->
