<?xml version="1.0" encoding="UTF-8"?>
<!-- Generated by org.testng.reporters.JUnitReportReporter -->
<testsuite hostname="DESKTOP-F7L40Q2" failures="0" tests="1" name="test.roboDanceCompetition" time="38.455" errors="0" timestamp="2021-09-16T23:36:21 CDT" skipped="0">
  <testcase classname="test.roboDanceCompetition" name="AllCombinationsAvailable" time="38.455"/>
  <system-out/>
</testsuite> <!-- test.roboDanceCompetition -->
