<?xml version="1.0" encoding="UTF-8"?>
<!-- Generated by org.testng.reporters.JUnitReportReporter -->
<testsuite hostname="DESKTOP-F7L40Q2" failures="0" tests="1" name="test.DanceOff" time="8.059" errors="0" timestamp="2021-09-18T02:43:05 CDT" skipped="0">
  <testcase classname="test.DanceOff" name="AllCombinationsAvailable" time="8.059"/>
  <system-out/>
</testsuite> <!-- test.DanceOff -->
