<?xml version="1.0" encoding="UTF-8"?>
<!-- Generated by org.testng.reporters.JUnitReportReporter -->
<testsuite hostname="DESKTOP-F7L40Q2" failures="0" tests="1" name="test.DanceOff" time="9.184" errors="0" timestamp="2021-09-20T01:10:27 CDT" skipped="0">
  <testcase classname="test.DanceOff" name="AllCombinationsAvailable" time="9.184"/>
  <system-out/>
</testsuite> <!-- test.DanceOff -->
