<?xml version="1.0" encoding="UTF-8"?>
<!-- Generated by org.testng.reporters.JUnitReportReporter -->
<testsuite hostname="DESKTOP-F7L40Q2" failures="0" tests="2" name="test.TeamName" time="3.628" errors="0" timestamp="2021-09-18T02:40:05 CDT" skipped="0">
  <testcase classname="test.TeamName" name="testCreateButton" time="1.831"/>
  <system-out/>
  <testcase classname="test.TeamName" name="testTeamNames" time="1.797"/>
  <system-out/>
</testsuite> <!-- test.TeamName -->
