<?xml version="1.0" encoding="UTF-8"?>
<!-- Generated by org.testng.reporters.JUnitReportReporter -->
<testsuite hostname="DESKTOP-F7L40Q2" failures="0" tests="2" name="test.Team" time="5.791" errors="0" timestamp="2021-09-20T16:24:13 CDT" skipped="0">
  <testcase classname="test.Team" name="onlyOneSelectedForBattlePerTeam" time="3.090"/>
  <system-out/>
  <testcase classname="test.Team" name="ExperienceTest" time="2.701"/>
  <system-out/>
</testsuite> <!-- test.Team -->
